mode: set
github.com/hrygo/echomind/pkg/logger/batch_processor.go:23.103,38.2 4 0
github.com/hrygo/echomind/pkg/logger/batch_processor.go:41.77,48.37 4 0
github.com/hrygo/echomind/pkg/logger/batch_processor.go:48.37,49.10 1 0
github.com/hrygo/echomind/pkg/logger/batch_processor.go:50.33,50.33 0 0
github.com/hrygo/echomind/pkg/logger/batch_processor.go:51.11,51.11 0 0
github.com/hrygo/echomind/pkg/logger/batch_processor.go:56.2,56.12 1 0
github.com/hrygo/echomind/pkg/logger/batch_processor.go:60.41,66.2 3 0
github.com/hrygo/echomind/pkg/logger/batch_processor.go:69.77,71.2 1 0
github.com/hrygo/echomind/pkg/logger/batch_processor.go:74.39,80.6 4 0
github.com/hrygo/echomind/pkg/logger/batch_processor.go:80.6,81.10 1 0
github.com/hrygo/echomind/pkg/logger/batch_processor.go:82.21,83.14 1 0
github.com/hrygo/echomind/pkg/logger/batch_processor.go:84.19,85.14 1 0
github.com/hrygo/echomind/pkg/logger/batch_processor.go:86.20,89.10 2 0
github.com/hrygo/echomind/pkg/logger/batch_processor.go:95.41,97.25 2 0
github.com/hrygo/echomind/pkg/logger/batch_processor.go:97.25,100.3 2 0
github.com/hrygo/echomind/pkg/logger/batch_processor.go:103.2,109.23 5 0
github.com/hrygo/echomind/pkg/logger/batch_processor.go:109.23,110.45 1 0
github.com/hrygo/echomind/pkg/logger/batch_processor.go:110.46,113.4 0 0
github.com/hrygo/echomind/pkg/logger/batch_processor.go:117.2,120.32 3 0
github.com/hrygo/echomind/pkg/logger/batch_processor.go:120.32,121.55 1 0
github.com/hrygo/echomind/pkg/logger/batch_processor.go:121.56,124.4 0 0
github.com/hrygo/echomind/pkg/logger/batch_processor.go:127.2,127.12 1 0
github.com/hrygo/echomind/pkg/logger/batch_processor.go:131.47,135.2 3 0
github.com/hrygo/echomind/pkg/logger/batch_processor.go:138.46,139.9 1 0
github.com/hrygo/echomind/pkg/logger/batch_processor.go:140.32,140.32 0 0
github.com/hrygo/echomind/pkg/logger/batch_processor.go:141.10,141.10 0 0
github.com/hrygo/echomind/pkg/logger/batch_processor.go:146.2,147.12 2 0
github.com/hrygo/echomind/pkg/logger/batch_processor.go:166.126,177.31 3 0
github.com/hrygo/echomind/pkg/logger/batch_processor.go:177.31,180.3 2 0
github.com/hrygo/echomind/pkg/logger/batch_processor.go:182.2,182.12 1 0
github.com/hrygo/echomind/pkg/logger/batch_processor.go:186.83,189.29 1 0
github.com/hrygo/echomind/pkg/logger/batch_processor.go:189.29,190.18 1 0
github.com/hrygo/echomind/pkg/logger/batch_processor.go:190.19,192.5 0 0
github.com/hrygo/echomind/pkg/logger/batch_processor.go:196.2,196.9 1 0
github.com/hrygo/echomind/pkg/logger/batch_processor.go:197.28,198.13 1 0
github.com/hrygo/echomind/pkg/logger/batch_processor.go:199.10,201.39 1 0
github.com/hrygo/echomind/pkg/logger/batch_processor.go:206.47,210.2 3 0
github.com/hrygo/echomind/pkg/logger/batch_processor.go:213.42,216.6 2 0
github.com/hrygo/echomind/pkg/logger/batch_processor.go:216.6,217.10 1 0
github.com/hrygo/echomind/pkg/logger/batch_processor.go:218.31,222.38 3 0
github.com/hrygo/echomind/pkg/logger/batch_processor.go:222.38,223.62 1 0
github.com/hrygo/echomind/pkg/logger/batch_processor.go:223.62,225.6 1 0
github.com/hrygo/echomind/pkg/logger/batch_processor.go:227.4,229.27 2 0
github.com/hrygo/echomind/pkg/logger/batch_processor.go:229.27,231.5 1 0
github.com/hrygo/echomind/pkg/logger/batch_processor.go:233.21,235.31 1 0
github.com/hrygo/echomind/pkg/logger/batch_processor.go:235.31,237.28 2 0
github.com/hrygo/echomind/pkg/logger/batch_processor.go:237.28,239.6 1 0
github.com/hrygo/echomind/pkg/logger/batch_processor.go:241.4,241.10 1 0
github.com/hrygo/echomind/pkg/logger/batch_processor.go:254.89,259.2 1 0
github.com/hrygo/echomind/pkg/logger/batch_processor.go:262.59,266.2 3 0
github.com/hrygo/echomind/pkg/logger/batch_processor.go:269.69,277.39 6 0
github.com/hrygo/echomind/pkg/logger/batch_processor.go:277.39,278.72 1 0
github.com/hrygo/echomind/pkg/logger/batch_processor.go:278.72,280.4 1 0
github.com/hrygo/echomind/pkg/logger/batch_processor.go:283.2,283.17 1 0
github.com/hrygo/echomind/pkg/logger/batch_processor.go:287.33,292.41 4 0
github.com/hrygo/echomind/pkg/logger/batch_processor.go:292.41,293.43 1 0
github.com/hrygo/echomind/pkg/logger/batch_processor.go:293.43,295.4 1 0
github.com/hrygo/echomind/pkg/logger/batch_processor.go:298.2,298.16 1 0
github.com/hrygo/echomind/pkg/logger/batch_processor.go:302.53,311.41 4 0
github.com/hrygo/echomind/pkg/logger/batch_processor.go:311.41,315.3 1 0
github.com/hrygo/echomind/pkg/logger/batch_processor.go:317.2,317.14 1 0
github.com/hrygo/echomind/pkg/logger/batch_processor.go:333.97,350.2 4 0
github.com/hrygo/echomind/pkg/logger/batch_processor.go:353.82,359.2 4 0
github.com/hrygo/echomind/pkg/logger/batch_processor.go:362.45,366.21 3 0
github.com/hrygo/echomind/pkg/logger/batch_processor.go:366.21,368.3 1 0
github.com/hrygo/echomind/pkg/logger/batch_processor.go:372.48,385.9 7 0
github.com/hrygo/echomind/pkg/logger/batch_processor.go:386.29,387.29 1 0
github.com/hrygo/echomind/pkg/logger/batch_processor.go:388.28,389.63 1 0
github.com/hrygo/echomind/pkg/logger/batch_processor.go:390.28,391.29 1 0
github.com/hrygo/echomind/pkg/logger/batch_processor.go:392.10,393.33 1 0
github.com/hrygo/echomind/pkg/logger/batch_processor.go:397.2,397.37 1 0
github.com/hrygo/echomind/pkg/logger/batch_processor.go:397.37,403.3 3 0
github.com/hrygo/echomind/pkg/logger/batch_processor.go:407.68,418.2 8 0
github.com/hrygo/echomind/pkg/logger/config.go:9.30,43.2 1 1
github.com/hrygo/echomind/pkg/logger/config.go:46.33,54.2 7 1
github.com/hrygo/echomind/pkg/logger/config.go:57.34,63.2 5 1
github.com/hrygo/echomind/pkg/logger/config.go:66.34,70.56 2 0
github.com/hrygo/echomind/pkg/logger/config.go:70.56,72.3 1 0
github.com/hrygo/echomind/pkg/logger/config.go:75.2,75.72 1 0
github.com/hrygo/echomind/pkg/logger/config.go:75.72,77.3 1 0
github.com/hrygo/echomind/pkg/logger/config.go:80.2,80.52 1 0
github.com/hrygo/echomind/pkg/logger/config.go:80.52,83.3 2 0
github.com/hrygo/echomind/pkg/logger/config.go:86.2,86.61 1 0
github.com/hrygo/echomind/pkg/logger/config.go:86.61,88.3 1 0
github.com/hrygo/echomind/pkg/logger/config.go:90.2,90.79 1 0
github.com/hrygo/echomind/pkg/logger/config.go:90.79,92.3 1 0
github.com/hrygo/echomind/pkg/logger/config.go:95.2,95.32 1 0
github.com/hrygo/echomind/pkg/logger/config.go:95.32,96.82 1 0
github.com/hrygo/echomind/pkg/logger/config.go:96.82,99.4 1 0
github.com/hrygo/echomind/pkg/logger/config.go:102.2,102.15 1 0
github.com/hrygo/echomind/pkg/logger/config.go:106.33,107.11 1 0
github.com/hrygo/echomind/pkg/logger/config.go:108.24,109.20 1 0
github.com/hrygo/echomind/pkg/logger/config.go:110.22,111.19 1 0
github.com/hrygo/echomind/pkg/logger/config.go:112.22,113.19 1 0
github.com/hrygo/echomind/pkg/logger/config.go:114.24,115.20 1 0
github.com/hrygo/echomind/pkg/logger/config.go:116.24,117.20 1 0
github.com/hrygo/echomind/pkg/logger/config.go:118.10,119.19 1 0
github.com/hrygo/echomind/pkg/logger/context.go:19.71,21.2 1 1
github.com/hrygo/echomind/pkg/logger/context.go:24.45,25.55 1 1
github.com/hrygo/echomind/pkg/logger/context.go:25.55,27.3 1 1
github.com/hrygo/echomind/pkg/logger/context.go:28.2,28.11 1 1
github.com/hrygo/echomind/pkg/logger/context.go:32.69,34.2 1 1
github.com/hrygo/echomind/pkg/logger/context.go:37.44,38.53 1 1
github.com/hrygo/echomind/pkg/logger/context.go:38.53,40.3 1 1
github.com/hrygo/echomind/pkg/logger/context.go:41.2,41.11 1 1
github.com/hrygo/echomind/pkg/logger/context.go:45.67,47.2 1 1
github.com/hrygo/echomind/pkg/logger/context.go:50.43,51.51 1 1
github.com/hrygo/echomind/pkg/logger/context.go:51.51,53.3 1 1
github.com/hrygo/echomind/pkg/logger/context.go:54.2,54.11 1 1
github.com/hrygo/echomind/pkg/logger/context.go:58.75,60.2 1 1
github.com/hrygo/echomind/pkg/logger/context.go:63.47,64.59 1 1
github.com/hrygo/echomind/pkg/logger/context.go:64.59,66.3 1 1
github.com/hrygo/echomind/pkg/logger/context.go:67.2,67.11 1 1
github.com/hrygo/echomind/pkg/logger/context.go:71.75,73.2 1 1
github.com/hrygo/echomind/pkg/logger/context.go:76.47,77.59 1 1
github.com/hrygo/echomind/pkg/logger/context.go:77.59,79.3 1 1
github.com/hrygo/echomind/pkg/logger/context.go:80.2,80.11 1 1
github.com/hrygo/echomind/pkg/logger/context.go:84.108,91.2 6 1
github.com/hrygo/echomind/pkg/logger/framework.go:29.48,30.19 1 1
github.com/hrygo/echomind/pkg/logger/framework.go:30.19,32.3 1 1
github.com/hrygo/echomind/pkg/logger/framework.go:34.2,35.16 2 1
github.com/hrygo/echomind/pkg/logger/framework.go:35.16,37.3 1 0
github.com/hrygo/echomind/pkg/logger/framework.go:39.2,40.16 2 1
github.com/hrygo/echomind/pkg/logger/framework.go:40.16,42.3 1 0
github.com/hrygo/echomind/pkg/logger/framework.go:44.2,52.29 2 1
github.com/hrygo/echomind/pkg/logger/framework.go:52.29,54.3 1 1
github.com/hrygo/echomind/pkg/logger/framework.go:56.2,56.24 1 1
github.com/hrygo/echomind/pkg/logger/framework.go:60.58,64.35 2 1
github.com/hrygo/echomind/pkg/logger/framework.go:64.35,66.17 2 1
github.com/hrygo/echomind/pkg/logger/framework.go:66.17,68.4 1 0
github.com/hrygo/echomind/pkg/logger/framework.go:69.3,69.37 1 1
github.com/hrygo/echomind/pkg/logger/framework.go:73.2,73.32 1 1
github.com/hrygo/echomind/pkg/logger/framework.go:73.32,75.17 2 1
github.com/hrygo/echomind/pkg/logger/framework.go:75.17,77.4 1 0
github.com/hrygo/echomind/pkg/logger/framework.go:78.3,78.34 1 1
github.com/hrygo/echomind/pkg/logger/framework.go:81.2,81.21 1 1
github.com/hrygo/echomind/pkg/logger/framework.go:81.21,84.17 2 1
github.com/hrygo/echomind/pkg/logger/framework.go:84.17,86.4 1 0
github.com/hrygo/echomind/pkg/logger/framework.go:87.3,87.37 1 1
github.com/hrygo/echomind/pkg/logger/framework.go:90.2,91.83 2 1
github.com/hrygo/echomind/pkg/logger/framework.go:95.61,101.23 5 1
github.com/hrygo/echomind/pkg/logger/framework.go:101.23,102.45 1 1
github.com/hrygo/echomind/pkg/logger/framework.go:102.45,108.4 1 1
github.com/hrygo/echomind/pkg/logger/framework.go:111.2,116.8 2 1
github.com/hrygo/echomind/pkg/logger/framework.go:120.58,140.2 6 1
github.com/hrygo/echomind/pkg/logger/framework.go:143.75,146.37 2 1
github.com/hrygo/echomind/pkg/logger/framework.go:146.37,147.18 1 1
github.com/hrygo/echomind/pkg/logger/framework.go:147.18,148.12 1 0
github.com/hrygo/echomind/pkg/logger/framework.go:151.3,152.17 2 1
github.com/hrygo/echomind/pkg/logger/framework.go:152.17,154.4 1 0
github.com/hrygo/echomind/pkg/logger/framework.go:156.3,156.42 1 1
github.com/hrygo/echomind/pkg/logger/framework.go:159.2,159.23 1 1
github.com/hrygo/echomind/pkg/logger/framework.go:163.62,166.21 1 1
github.com/hrygo/echomind/pkg/logger/framework.go:167.23,168.51 1 1
github.com/hrygo/echomind/pkg/logger/framework.go:169.14,170.42 1 1
github.com/hrygo/echomind/pkg/logger/framework.go:171.16,172.44 1 0
github.com/hrygo/echomind/pkg/logger/framework.go:173.10,174.32 1 1
github.com/hrygo/echomind/pkg/logger/framework.go:179.46,180.15 1 1
github.com/hrygo/echomind/pkg/logger/framework.go:181.18,182.28 1 1
github.com/hrygo/echomind/pkg/logger/framework.go:183.17,184.27 1 1
github.com/hrygo/echomind/pkg/logger/framework.go:185.17,186.27 1 0
github.com/hrygo/echomind/pkg/logger/framework.go:187.18,188.28 1 0
github.com/hrygo/echomind/pkg/logger/framework.go:189.18,190.28 1 0
github.com/hrygo/echomind/pkg/logger/framework.go:191.10,192.27 1 0
github.com/hrygo/echomind/pkg/logger/framework.go:198.60,200.2 1 1
github.com/hrygo/echomind/pkg/logger/framework.go:202.59,204.2 1 1
github.com/hrygo/echomind/pkg/logger/framework.go:206.59,208.2 1 1
github.com/hrygo/echomind/pkg/logger/framework.go:210.60,212.2 1 1
github.com/hrygo/echomind/pkg/logger/framework.go:214.60,216.2 1 0
github.com/hrygo/echomind/pkg/logger/framework.go:218.88,220.2 1 1
github.com/hrygo/echomind/pkg/logger/framework.go:222.87,224.2 1 1
github.com/hrygo/echomind/pkg/logger/framework.go:226.87,228.2 1 1
github.com/hrygo/echomind/pkg/logger/framework.go:230.88,232.2 1 1
github.com/hrygo/echomind/pkg/logger/framework.go:234.88,236.2 1 0
github.com/hrygo/echomind/pkg/logger/framework.go:238.47,244.2 3 1
github.com/hrygo/echomind/pkg/logger/framework.go:246.42,250.2 3 1
github.com/hrygo/echomind/pkg/logger/framework.go:252.54,254.31 2 1
github.com/hrygo/echomind/pkg/logger/framework.go:254.31,256.3 1 1
github.com/hrygo/echomind/pkg/logger/framework.go:258.2,264.3 1 1
github.com/hrygo/echomind/pkg/logger/framework.go:269.71,271.2 1 1
github.com/hrygo/echomind/pkg/logger/framework.go:273.103,275.26 1 1
github.com/hrygo/echomind/pkg/logger/framework.go:275.26,277.3 1 1
github.com/hrygo/echomind/pkg/logger/framework.go:280.2,280.53 1 1
github.com/hrygo/echomind/pkg/logger/framework.go:280.53,282.3 1 1
github.com/hrygo/echomind/pkg/logger/framework.go:285.2,288.15 2 1
github.com/hrygo/echomind/pkg/logger/framework.go:289.18,290.33 1 1
github.com/hrygo/echomind/pkg/logger/framework.go:291.17,292.32 1 1
github.com/hrygo/echomind/pkg/logger/framework.go:293.17,294.32 1 1
github.com/hrygo/echomind/pkg/logger/framework.go:295.18,296.33 1 1
github.com/hrygo/echomind/pkg/logger/framework.go:297.18,298.33 1 0
github.com/hrygo/echomind/pkg/logger/framework.go:302.2,302.26 1 1
github.com/hrygo/echomind/pkg/logger/framework.go:302.26,304.40 2 1
github.com/hrygo/echomind/pkg/logger/framework.go:304.40,306.4 1 1
github.com/hrygo/echomind/pkg/logger/framework.go:310.87,314.16 2 1
github.com/hrygo/echomind/pkg/logger/framework.go:314.16,315.48 1 1
github.com/hrygo/echomind/pkg/logger/framework.go:315.48,317.4 1 1
github.com/hrygo/echomind/pkg/logger/framework.go:318.3,318.45 1 1
github.com/hrygo/echomind/pkg/logger/framework.go:318.45,320.4 1 1
github.com/hrygo/echomind/pkg/logger/framework.go:321.3,321.42 1 1
github.com/hrygo/echomind/pkg/logger/framework.go:321.42,323.4 1 1
github.com/hrygo/echomind/pkg/logger/framework.go:327.2,327.50 1 1
github.com/hrygo/echomind/pkg/logger/framework.go:327.50,329.3 1 1
github.com/hrygo/echomind/pkg/logger/framework.go:332.2,334.18 2 1
github.com/hrygo/echomind/pkg/logger/framework.go:337.112,349.31 2 1
github.com/hrygo/echomind/pkg/logger/framework.go:349.31,351.3 1 1
github.com/hrygo/echomind/pkg/logger/framework.go:354.2,354.16 1 1
github.com/hrygo/echomind/pkg/logger/framework.go:354.16,359.3 4 1
github.com/hrygo/echomind/pkg/logger/framework.go:362.2,362.49 1 1
github.com/hrygo/echomind/pkg/logger/framework.go:362.49,366.3 3 1
github.com/hrygo/echomind/pkg/logger/framework.go:368.2,368.14 1 1
github.com/hrygo/echomind/pkg/logger/framework.go:372.47,374.31 2 1
github.com/hrygo/echomind/pkg/logger/framework.go:374.31,376.3 1 1
github.com/hrygo/echomind/pkg/logger/framework.go:377.2,377.18 1 1
github.com/hrygo/echomind/pkg/logger/framework.go:381.39,384.39 2 1
github.com/hrygo/echomind/pkg/logger/framework.go:384.39,385.42 1 1
github.com/hrygo/echomind/pkg/logger/framework.go:385.42,387.4 1 0
github.com/hrygo/echomind/pkg/logger/framework.go:390.2,391.16 2 1
github.com/hrygo/echomind/pkg/logger/helpers.go:10.38,12.2 1 1
github.com/hrygo/echomind/pkg/logger/helpers.go:15.39,17.2 1 1
github.com/hrygo/echomind/pkg/logger/helpers.go:20.43,22.2 1 1
github.com/hrygo/echomind/pkg/logger/helpers.go:25.47,27.2 1 0
github.com/hrygo/echomind/pkg/logger/helpers.go:30.41,32.2 1 1
github.com/hrygo/echomind/pkg/logger/helpers.go:35.47,37.2 1 0
github.com/hrygo/echomind/pkg/logger/helpers.go:40.54,42.2 1 1
github.com/hrygo/echomind/pkg/logger/helpers.go:45.46,47.2 1 0
github.com/hrygo/echomind/pkg/logger/helpers.go:50.29,51.16 1 1
github.com/hrygo/echomind/pkg/logger/helpers.go:51.16,53.3 1 1
github.com/hrygo/echomind/pkg/logger/helpers.go:54.2,54.48 1 1
github.com/hrygo/echomind/pkg/logger/helpers.go:58.20,60.2 1 0
github.com/hrygo/echomind/pkg/logger/helpers.go:63.27,65.2 1 0
github.com/hrygo/echomind/pkg/logger/helpers.go:71.53,73.22 2 1
github.com/hrygo/echomind/pkg/logger/helpers.go:73.22,75.3 1 1
github.com/hrygo/echomind/pkg/logger/helpers.go:76.2,76.15 1 1
github.com/hrygo/echomind/pkg/logger/helpers.go:81.47,85.2 1 0
github.com/hrygo/echomind/pkg/logger/helpers.go:90.92,92.27 2 1
github.com/hrygo/echomind/pkg/logger/helpers.go:92.27,94.3 1 1
github.com/hrygo/echomind/pkg/logger/helpers.go:95.2,95.56 1 1
github.com/hrygo/echomind/pkg/logger/helpers.go:99.89,102.2 2 1
github.com/hrygo/echomind/pkg/logger/helpers.go:105.93,107.27 2 1
github.com/hrygo/echomind/pkg/logger/helpers.go:107.27,109.3 1 1
github.com/hrygo/echomind/pkg/logger/helpers.go:110.2,110.57 1 1
github.com/hrygo/echomind/pkg/logger/helpers.go:114.92,116.27 2 1
github.com/hrygo/echomind/pkg/logger/helpers.go:116.27,118.3 1 1
github.com/hrygo/echomind/pkg/logger/helpers.go:119.2,119.56 1 1
github.com/hrygo/echomind/pkg/logger/logger.go:11.33,13.16 2 1
github.com/hrygo/echomind/pkg/logger/logger.go:13.16,15.3 1 0
github.com/hrygo/echomind/pkg/logger/logger.go:16.2,17.12 2 1
github.com/hrygo/echomind/pkg/logger/logger.go:21.38,23.2 1 0
github.com/hrygo/echomind/pkg/logger/logger.go:26.32,27.26 1 1
github.com/hrygo/echomind/pkg/logger/logger.go:27.26,29.3 1 1
github.com/hrygo/echomind/pkg/logger/logger.go:30.2,30.22 1 1
github.com/hrygo/echomind/pkg/logger/logger.go:35.41,37.2 1 1
github.com/hrygo/echomind/pkg/logger/logger.go:39.40,41.2 1 1
github.com/hrygo/echomind/pkg/logger/logger.go:43.40,45.2 1 1
github.com/hrygo/echomind/pkg/logger/logger.go:47.44,49.2 1 1
github.com/hrygo/echomind/pkg/logger/logger.go:51.41,53.2 1 0
github.com/hrygo/echomind/pkg/logger/logger.go:55.69,57.2 1 1
github.com/hrygo/echomind/pkg/logger/logger.go:59.68,61.2 1 1
github.com/hrygo/echomind/pkg/logger/logger.go:63.68,65.2 1 1
github.com/hrygo/echomind/pkg/logger/logger.go:67.69,69.2 1 1
github.com/hrygo/echomind/pkg/logger/logger.go:71.69,73.2 1 0
github.com/hrygo/echomind/pkg/logger/logger.go:76.35,78.2 1 1
github.com/hrygo/echomind/pkg/logger/logger.go:81.28,83.2 1 1
github.com/hrygo/echomind/pkg/logger/logger.go:86.23,88.2 1 1
github.com/hrygo/echomind/pkg/logger/logger.go:91.20,92.66 1 0
github.com/hrygo/echomind/pkg/logger/logger.go:92.66,94.3 1 0
github.com/hrygo/echomind/pkg/logger/logger.go:95.2,95.12 1 0
github.com/hrygo/echomind/pkg/logger/logger.go:99.43,101.16 2 0
github.com/hrygo/echomind/pkg/logger/logger.go:101.16,103.3 1 0
github.com/hrygo/echomind/pkg/logger/logger.go:103.8,105.3 1 0
github.com/hrygo/echomind/pkg/logger/logger.go:106.2,106.26 1 0
github.com/hrygo/echomind/pkg/logger/logger.go:114.49,116.2 1 1
github.com/hrygo/echomind/pkg/logger/logger.go:122.77,125.2 2 1
github.com/hrygo/echomind/pkg/logger/logger.go:127.78,130.2 2 1
github.com/hrygo/echomind/pkg/logger/logger.go:132.77,135.2 2 1
github.com/hrygo/echomind/pkg/logger/logger.go:137.78,140.2 2 1
github.com/hrygo/echomind/pkg/logger/logger.go:142.73,146.2 2 1
github.com/hrygo/echomind/pkg/logger/logger.go:148.74,151.2 2 1
github.com/hrygo/echomind/pkg/logger/logger.go:153.73,156.2 2 1
github.com/hrygo/echomind/pkg/logger/logger.go:158.74,161.2 2 1
github.com/hrygo/echomind/pkg/logger/logger.go:163.42,166.2 1 1
github.com/hrygo/echomind/pkg/logger/logger.go:168.88,170.45 2 1
github.com/hrygo/echomind/pkg/logger/logger.go:170.45,171.31 1 1
github.com/hrygo/echomind/pkg/logger/logger.go:171.31,174.4 2 1
github.com/hrygo/echomind/pkg/logger/logger.go:176.2,176.15 1 1
github.com/hrygo/echomind/pkg/logger/logger.go:179.37,180.31 1 1
github.com/hrygo/echomind/pkg/logger/logger.go:180.31,182.3 1 1
github.com/hrygo/echomind/pkg/logger/logger.go:183.2,183.11 1 0
github.com/hrygo/echomind/pkg/logger/logger.go:186.66,188.20 1 1
github.com/hrygo/echomind/pkg/logger/logger.go:188.20,190.3 1 0
github.com/hrygo/echomind/pkg/logger/logger.go:191.2,191.17 1 1
github.com/hrygo/echomind/pkg/logger/logger.go:195.42,197.2 1 1
github.com/hrygo/echomind/pkg/logger/logger.go:200.56,202.2 1 0
github.com/hrygo/echomind/pkg/logger/optimized_providers.go:29.114,31.9 2 0
github.com/hrygo/echomind/pkg/logger/optimized_providers.go:31.9,33.3 1 0
github.com/hrygo/echomind/pkg/logger/optimized_providers.go:35.2,36.9 2 0
github.com/hrygo/echomind/pkg/logger/optimized_providers.go:36.9,38.3 1 0
github.com/hrygo/echomind/pkg/logger/optimized_providers.go:41.2,58.27 3 0
github.com/hrygo/echomind/pkg/logger/optimized_providers.go:58.27,62.4 1 0
github.com/hrygo/echomind/pkg/logger/optimized_providers.go:66.2,67.48 2 0
github.com/hrygo/echomind/pkg/logger/optimized_providers.go:67.48,69.3 1 0
github.com/hrygo/echomind/pkg/logger/optimized_providers.go:71.2,74.22 3 0
github.com/hrygo/echomind/pkg/logger/optimized_providers.go:78.92,81.2 1 0
github.com/hrygo/echomind/pkg/logger/optimized_providers.go:84.80,85.23 1 0
github.com/hrygo/echomind/pkg/logger/optimized_providers.go:85.23,87.3 1 0
github.com/hrygo/echomind/pkg/logger/optimized_providers.go:90.2,91.15 2 0
github.com/hrygo/echomind/pkg/logger/optimized_providers.go:91.15,94.3 2 0
github.com/hrygo/echomind/pkg/logger/optimized_providers.go:97.2,97.65 1 0
github.com/hrygo/echomind/pkg/logger/optimized_providers.go:97.65,99.3 1 0
github.com/hrygo/echomind/pkg/logger/optimized_providers.go:102.2,103.16 2 0
github.com/hrygo/echomind/pkg/logger/optimized_providers.go:103.16,105.3 1 0
github.com/hrygo/echomind/pkg/logger/optimized_providers.go:106.2,109.16 3 0
github.com/hrygo/echomind/pkg/logger/optimized_providers.go:109.16,111.3 1 0
github.com/hrygo/echomind/pkg/logger/optimized_providers.go:112.2,114.28 2 0
github.com/hrygo/echomind/pkg/logger/optimized_providers.go:114.28,116.3 1 0
github.com/hrygo/echomind/pkg/logger/optimized_providers.go:118.2,118.12 1 0
github.com/hrygo/echomind/pkg/logger/optimized_providers.go:122.105,125.32 2 0
github.com/hrygo/echomind/pkg/logger/optimized_providers.go:125.32,134.62 2 0
github.com/hrygo/echomind/pkg/logger/optimized_providers.go:134.62,136.4 1 0
github.com/hrygo/echomind/pkg/logger/optimized_providers.go:137.3,140.60 2 0
github.com/hrygo/echomind/pkg/logger/optimized_providers.go:140.60,142.4 1 0
github.com/hrygo/echomind/pkg/logger/optimized_providers.go:143.3,143.22 1 0
github.com/hrygo/echomind/pkg/logger/optimized_providers.go:146.2,146.12 1 0
github.com/hrygo/echomind/pkg/logger/optimized_providers.go:150.55,152.16 2 0
github.com/hrygo/echomind/pkg/logger/optimized_providers.go:152.16,154.3 1 0
github.com/hrygo/echomind/pkg/logger/optimized_providers.go:155.2,156.12 2 0
github.com/hrygo/echomind/pkg/logger/optimized_providers.go:160.56,164.2 3 0
github.com/hrygo/echomind/pkg/logger/optimized_providers.go:176.96,178.9 2 0
github.com/hrygo/echomind/pkg/logger/optimized_providers.go:178.9,180.3 1 0
github.com/hrygo/echomind/pkg/logger/optimized_providers.go:183.2,183.30 1 0
github.com/hrygo/echomind/pkg/logger/optimized_providers.go:183.30,185.3 1 0
github.com/hrygo/echomind/pkg/logger/optimized_providers.go:187.2,188.62 2 0
github.com/hrygo/echomind/pkg/logger/optimized_providers.go:188.62,189.23 1 0
github.com/hrygo/echomind/pkg/logger/optimized_providers.go:189.23,190.33 1 0
github.com/hrygo/echomind/pkg/logger/optimized_providers.go:190.33,192.5 1 0
github.com/hrygo/echomind/pkg/logger/optimized_providers.go:196.2,213.48 4 0
github.com/hrygo/echomind/pkg/logger/optimized_providers.go:213.48,215.3 1 0
github.com/hrygo/echomind/pkg/logger/optimized_providers.go:217.2,220.22 3 0
github.com/hrygo/echomind/pkg/logger/optimized_providers.go:224.83,226.29 1 0
github.com/hrygo/echomind/pkg/logger/optimized_providers.go:226.29,228.3 1 0
github.com/hrygo/echomind/pkg/logger/optimized_providers.go:230.2,230.36 1 0
github.com/hrygo/echomind/pkg/logger/optimized_providers.go:234.71,235.23 1 0
github.com/hrygo/echomind/pkg/logger/optimized_providers.go:235.23,237.3 1 0
github.com/hrygo/echomind/pkg/logger/optimized_providers.go:240.2,241.32 2 0
github.com/hrygo/echomind/pkg/logger/optimized_providers.go:241.32,244.30 2 0
github.com/hrygo/echomind/pkg/logger/optimized_providers.go:244.30,246.4 1 0
github.com/hrygo/echomind/pkg/logger/optimized_providers.go:249.3,250.32 2 0
github.com/hrygo/echomind/pkg/logger/optimized_providers.go:250.32,252.4 1 0
github.com/hrygo/echomind/pkg/logger/optimized_providers.go:253.3,253.33 1 0
github.com/hrygo/echomind/pkg/logger/optimized_providers.go:253.33,255.4 1 0
github.com/hrygo/echomind/pkg/logger/optimized_providers.go:256.3,256.34 1 0
github.com/hrygo/echomind/pkg/logger/optimized_providers.go:256.34,258.4 1 0
github.com/hrygo/echomind/pkg/logger/optimized_providers.go:261.3,274.30 4 0
github.com/hrygo/echomind/pkg/logger/optimized_providers.go:278.2,279.33 2 0
github.com/hrygo/echomind/pkg/logger/optimized_providers.go:279.33,281.3 1 0
github.com/hrygo/echomind/pkg/logger/optimized_providers.go:283.2,284.16 2 0
github.com/hrygo/echomind/pkg/logger/optimized_providers.go:284.16,286.3 1 0
github.com/hrygo/echomind/pkg/logger/optimized_providers.go:289.2,290.16 2 0
github.com/hrygo/echomind/pkg/logger/optimized_providers.go:290.16,292.3 1 0
github.com/hrygo/echomind/pkg/logger/optimized_providers.go:293.2,296.16 3 0
github.com/hrygo/echomind/pkg/logger/optimized_providers.go:296.16,298.3 1 0
github.com/hrygo/echomind/pkg/logger/optimized_providers.go:299.2,301.28 2 0
github.com/hrygo/echomind/pkg/logger/optimized_providers.go:301.28,303.3 1 0
github.com/hrygo/echomind/pkg/logger/optimized_providers.go:305.2,305.12 1 0
github.com/hrygo/echomind/pkg/logger/optimized_providers.go:309.81,315.27 5 0
github.com/hrygo/echomind/pkg/logger/optimized_providers.go:315.27,316.13 1 0
github.com/hrygo/echomind/pkg/logger/optimized_providers.go:316.13,318.4 1 0
github.com/hrygo/echomind/pkg/logger/optimized_providers.go:319.3,324.16 6 0
github.com/hrygo/echomind/pkg/logger/optimized_providers.go:326.2,328.21 2 0
github.com/hrygo/echomind/pkg/logger/optimized_providers.go:332.74,335.2 2 0
github.com/hrygo/echomind/pkg/logger/optimized_providers.go:349.46,352.16 3 0
github.com/hrygo/echomind/pkg/logger/optimized_providers.go:352.16,354.3 1 0
github.com/hrygo/echomind/pkg/logger/optimized_providers.go:355.2,356.12 2 0
github.com/hrygo/echomind/pkg/logger/optimized_providers.go:360.47,364.2 3 0
github.com/hrygo/echomind/pkg/logger/optimized_providers.go:378.100,380.9 2 0
github.com/hrygo/echomind/pkg/logger/optimized_providers.go:380.9,382.3 1 0
github.com/hrygo/echomind/pkg/logger/optimized_providers.go:384.2,385.9 2 0
github.com/hrygo/echomind/pkg/logger/optimized_providers.go:385.9,387.3 1 0
github.com/hrygo/echomind/pkg/logger/optimized_providers.go:389.2,390.47 2 0
github.com/hrygo/echomind/pkg/logger/optimized_providers.go:390.47,392.3 1 0
github.com/hrygo/echomind/pkg/logger/optimized_providers.go:394.2,395.48 2 0
github.com/hrygo/echomind/pkg/logger/optimized_providers.go:395.48,397.3 1 0
github.com/hrygo/echomind/pkg/logger/optimized_providers.go:399.2,418.48 4 0
github.com/hrygo/echomind/pkg/logger/optimized_providers.go:418.48,420.3 1 0
github.com/hrygo/echomind/pkg/logger/optimized_providers.go:422.2,425.22 3 0
github.com/hrygo/echomind/pkg/logger/optimized_providers.go:429.85,431.30 1 0
github.com/hrygo/echomind/pkg/logger/optimized_providers.go:431.30,433.3 1 0
github.com/hrygo/echomind/pkg/logger/optimized_providers.go:435.2,435.36 1 0
github.com/hrygo/echomind/pkg/logger/optimized_providers.go:439.73,440.32 1 0
github.com/hrygo/echomind/pkg/logger/optimized_providers.go:440.32,441.46 1 0
github.com/hrygo/echomind/pkg/logger/optimized_providers.go:441.46,443.12 1 0
github.com/hrygo/echomind/pkg/logger/optimized_providers.go:446.2,446.12 1 0
github.com/hrygo/echomind/pkg/logger/optimized_providers.go:450.70,466.16 3 0
github.com/hrygo/echomind/pkg/logger/optimized_providers.go:466.16,468.3 1 0
github.com/hrygo/echomind/pkg/logger/optimized_providers.go:470.2,471.16 2 0
github.com/hrygo/echomind/pkg/logger/optimized_providers.go:471.16,473.3 1 0
github.com/hrygo/echomind/pkg/logger/optimized_providers.go:474.2,478.16 4 0
github.com/hrygo/echomind/pkg/logger/optimized_providers.go:478.16,480.3 1 0
github.com/hrygo/echomind/pkg/logger/optimized_providers.go:481.2,483.28 2 0
github.com/hrygo/echomind/pkg/logger/optimized_providers.go:483.28,485.3 1 0
github.com/hrygo/echomind/pkg/logger/optimized_providers.go:487.2,487.12 1 0
github.com/hrygo/echomind/pkg/logger/optimized_providers.go:491.48,493.16 2 0
github.com/hrygo/echomind/pkg/logger/optimized_providers.go:493.16,495.3 1 0
github.com/hrygo/echomind/pkg/logger/optimized_providers.go:496.2,499.16 3 0
github.com/hrygo/echomind/pkg/logger/optimized_providers.go:499.16,501.3 1 0
github.com/hrygo/echomind/pkg/logger/optimized_providers.go:502.2,503.12 2 0
github.com/hrygo/echomind/pkg/logger/optimized_providers.go:507.49,511.2 3 0
github.com/hrygo/echomind/pkg/logger/optimized_providers.go:514.39,516.2 1 0
github.com/hrygo/echomind/pkg/logger/providers.go:16.38,18.2 1 1
github.com/hrygo/echomind/pkg/logger/providers.go:20.74,22.2 1 1
github.com/hrygo/echomind/pkg/logger/providers.go:24.38,26.2 1 1
github.com/hrygo/echomind/pkg/logger/providers.go:28.37,30.2 1 0
github.com/hrygo/echomind/pkg/logger/providers.go:42.96,44.9 2 1
github.com/hrygo/echomind/pkg/logger/providers.go:44.9,46.3 1 0
github.com/hrygo/echomind/pkg/logger/providers.go:48.2,49.9 2 1
github.com/hrygo/echomind/pkg/logger/providers.go:49.9,51.3 1 0
github.com/hrygo/echomind/pkg/logger/providers.go:53.2,54.48 2 1
github.com/hrygo/echomind/pkg/logger/providers.go:54.48,56.3 1 1
github.com/hrygo/echomind/pkg/logger/providers.go:58.2,64.8 1 1
github.com/hrygo/echomind/pkg/logger/providers.go:67.83,73.34 4 0
github.com/hrygo/echomind/pkg/logger/providers.go:73.34,75.3 1 0
github.com/hrygo/echomind/pkg/logger/providers.go:77.2,77.12 1 0
github.com/hrygo/echomind/pkg/logger/providers.go:80.47,84.23 3 0
github.com/hrygo/echomind/pkg/logger/providers.go:84.23,86.3 1 0
github.com/hrygo/echomind/pkg/logger/providers.go:87.2,87.12 1 0
github.com/hrygo/echomind/pkg/logger/providers.go:90.46,92.16 2 1
github.com/hrygo/echomind/pkg/logger/providers.go:92.16,94.3 1 1
github.com/hrygo/echomind/pkg/logger/providers.go:95.2,96.12 2 0
github.com/hrygo/echomind/pkg/logger/providers.go:99.72,100.24 1 0
github.com/hrygo/echomind/pkg/logger/providers.go:100.24,102.3 1 0
github.com/hrygo/echomind/pkg/logger/providers.go:104.2,105.33 2 0
github.com/hrygo/echomind/pkg/logger/providers.go:105.33,120.3 7 0
github.com/hrygo/echomind/pkg/logger/providers.go:122.2,123.16 2 0
github.com/hrygo/echomind/pkg/logger/providers.go:123.16,125.3 1 0
github.com/hrygo/echomind/pkg/logger/providers.go:126.2,129.16 3 0
github.com/hrygo/echomind/pkg/logger/providers.go:129.16,131.3 1 0
github.com/hrygo/echomind/pkg/logger/providers.go:132.2,135.12 3 0
github.com/hrygo/echomind/pkg/logger/providers.go:148.78,150.9 2 1
github.com/hrygo/echomind/pkg/logger/providers.go:150.9,152.3 1 0
github.com/hrygo/echomind/pkg/logger/providers.go:154.2,155.48 2 1
github.com/hrygo/echomind/pkg/logger/providers.go:155.48,157.3 1 1
github.com/hrygo/echomind/pkg/logger/providers.go:159.2,160.62 2 1
github.com/hrygo/echomind/pkg/logger/providers.go:160.62,161.23 1 0
github.com/hrygo/echomind/pkg/logger/providers.go:161.23,162.33 1 0
github.com/hrygo/echomind/pkg/logger/providers.go:162.33,164.5 1 0
github.com/hrygo/echomind/pkg/logger/providers.go:168.2,174.8 1 1
github.com/hrygo/echomind/pkg/logger/providers.go:177.74,183.34 4 0
github.com/hrygo/echomind/pkg/logger/providers.go:183.34,185.3 1 0
github.com/hrygo/echomind/pkg/logger/providers.go:187.2,187.12 1 0
github.com/hrygo/echomind/pkg/logger/providers.go:190.38,194.23 3 0
github.com/hrygo/echomind/pkg/logger/providers.go:194.23,196.3 1 0
github.com/hrygo/echomind/pkg/logger/providers.go:197.2,197.12 1 0
github.com/hrygo/echomind/pkg/logger/providers.go:200.37,203.16 3 1
github.com/hrygo/echomind/pkg/logger/providers.go:203.16,205.3 1 1
github.com/hrygo/echomind/pkg/logger/providers.go:206.2,207.12 2 0
github.com/hrygo/echomind/pkg/logger/providers.go:210.63,211.24 1 0
github.com/hrygo/echomind/pkg/logger/providers.go:211.24,213.3 1 0
github.com/hrygo/echomind/pkg/logger/providers.go:215.2,217.33 2 0
github.com/hrygo/echomind/pkg/logger/providers.go:217.33,220.30 2 0
github.com/hrygo/echomind/pkg/logger/providers.go:220.30,222.4 1 0
github.com/hrygo/echomind/pkg/logger/providers.go:224.3,224.32 1 0
github.com/hrygo/echomind/pkg/logger/providers.go:224.32,226.4 1 0
github.com/hrygo/echomind/pkg/logger/providers.go:227.3,227.33 1 0
github.com/hrygo/echomind/pkg/logger/providers.go:227.33,229.4 1 0
github.com/hrygo/echomind/pkg/logger/providers.go:230.3,230.34 1 0
github.com/hrygo/echomind/pkg/logger/providers.go:230.34,232.4 1 0
github.com/hrygo/echomind/pkg/logger/providers.go:233.3,247.36 4 0
github.com/hrygo/echomind/pkg/logger/providers.go:250.2,255.16 3 0
github.com/hrygo/echomind/pkg/logger/providers.go:255.16,257.3 1 0
github.com/hrygo/echomind/pkg/logger/providers.go:259.2,260.16 2 0
github.com/hrygo/echomind/pkg/logger/providers.go:260.16,262.3 1 0
github.com/hrygo/echomind/pkg/logger/providers.go:263.2,266.16 3 0
github.com/hrygo/echomind/pkg/logger/providers.go:266.16,268.3 1 0
github.com/hrygo/echomind/pkg/logger/providers.go:269.2,272.12 3 0
github.com/hrygo/echomind/pkg/logger/providers.go:287.82,289.9 2 0
github.com/hrygo/echomind/pkg/logger/providers.go:289.9,291.3 1 0
github.com/hrygo/echomind/pkg/logger/providers.go:293.2,294.9 2 0
github.com/hrygo/echomind/pkg/logger/providers.go:294.9,296.3 1 0
github.com/hrygo/echomind/pkg/logger/providers.go:298.2,299.47 2 0
github.com/hrygo/echomind/pkg/logger/providers.go:299.47,301.3 1 0
github.com/hrygo/echomind/pkg/logger/providers.go:303.2,304.48 2 0
github.com/hrygo/echomind/pkg/logger/providers.go:304.48,306.3 1 0
github.com/hrygo/echomind/pkg/logger/providers.go:308.2,309.48 2 0
github.com/hrygo/echomind/pkg/logger/providers.go:309.48,311.3 1 0
github.com/hrygo/echomind/pkg/logger/providers.go:313.2,321.8 1 0
github.com/hrygo/echomind/pkg/logger/providers.go:324.76,330.34 4 0
github.com/hrygo/echomind/pkg/logger/providers.go:330.34,332.3 1 0
github.com/hrygo/echomind/pkg/logger/providers.go:334.2,334.12 1 0
github.com/hrygo/echomind/pkg/logger/providers.go:337.40,341.23 3 0
github.com/hrygo/echomind/pkg/logger/providers.go:341.23,343.3 1 0
github.com/hrygo/echomind/pkg/logger/providers.go:344.2,344.12 1 0
github.com/hrygo/echomind/pkg/logger/providers.go:347.39,349.16 2 0
github.com/hrygo/echomind/pkg/logger/providers.go:349.16,351.3 1 0
github.com/hrygo/echomind/pkg/logger/providers.go:352.2,355.16 3 0
github.com/hrygo/echomind/pkg/logger/providers.go:355.16,357.3 1 0
github.com/hrygo/echomind/pkg/logger/providers.go:358.2,359.12 2 0
github.com/hrygo/echomind/pkg/logger/providers.go:362.65,363.24 1 0
github.com/hrygo/echomind/pkg/logger/providers.go:363.24,365.3 1 0
github.com/hrygo/echomind/pkg/logger/providers.go:367.2,367.33 1 0
github.com/hrygo/echomind/pkg/logger/providers.go:367.33,383.17 3 0
github.com/hrygo/echomind/pkg/logger/providers.go:383.17,385.4 1 0
github.com/hrygo/echomind/pkg/logger/providers.go:387.3,388.17 2 0
github.com/hrygo/echomind/pkg/logger/providers.go:388.17,390.4 1 0
github.com/hrygo/echomind/pkg/logger/providers.go:391.3,395.17 4 0
github.com/hrygo/echomind/pkg/logger/providers.go:395.17,397.4 1 0
github.com/hrygo/echomind/pkg/logger/providers.go:398.3,398.20 1 0
github.com/hrygo/echomind/pkg/logger/providers.go:401.2,402.12 2 0
github.com/hrygo/echomind/pkg/logger/sampler.go:18.49,30.2 4 1
github.com/hrygo/echomind/pkg/logger/sampler.go:33.47,34.23 1 1
github.com/hrygo/echomind/pkg/logger/sampler.go:34.23,36.3 1 0
github.com/hrygo/echomind/pkg/logger/sampler.go:39.2,39.36 1 1
github.com/hrygo/echomind/pkg/logger/sampler.go:39.36,40.17 1 1
github.com/hrygo/echomind/pkg/logger/sampler.go:40.17,41.9 1 1
github.com/hrygo/echomind/pkg/logger/sampler.go:45.2,49.39 3 1
github.com/hrygo/echomind/pkg/logger/sampler.go:49.39,51.3 1 1
github.com/hrygo/echomind/pkg/logger/sampler.go:54.2,54.38 1 1
github.com/hrygo/echomind/pkg/logger/sampler.go:54.38,56.3 1 0
github.com/hrygo/echomind/pkg/logger/sampler.go:58.2,59.13 2 1
github.com/hrygo/echomind/pkg/logger/sampler.go:63.31,64.6 1 1
github.com/hrygo/echomind/pkg/logger/sampler.go:64.6,65.10 1 1
github.com/hrygo/echomind/pkg/logger/sampler.go:66.21,68.32 2 0
github.com/hrygo/echomind/pkg/logger/sampler.go:68.32,70.5 1 0
github.com/hrygo/echomind/pkg/logger/sampler.go:71.4,71.17 1 0
github.com/hrygo/echomind/pkg/logger/sampler.go:72.19,73.10 1 0
github.com/hrygo/echomind/pkg/logger/sampler.go:79.27,82.2 2 0
github.com/hrygo/echomind/pkg/logger/types.go:20.32,21.11 1 1
github.com/hrygo/echomind/pkg/logger/types.go:22.18,23.17 1 1
github.com/hrygo/echomind/pkg/logger/types.go:24.17,25.16 1 1
github.com/hrygo/echomind/pkg/logger/types.go:26.17,27.16 1 1
github.com/hrygo/echomind/pkg/logger/types.go:28.18,29.17 1 1
github.com/hrygo/echomind/pkg/logger/types.go:30.18,31.17 1 1
github.com/hrygo/echomind/pkg/logger/types.go:32.10,33.19 1 1
